#-----------------------------------------------------------
# Vivado v2018.3 (64-bit)
# SW Build 2405991 on Thu Dec  6 23:38:27 MST 2018
# IP Build 2404404 on Fri Dec  7 01:43:56 MST 2018
# Start of session at: Fri Dec 29 15:49:02 2023
# Process ID: 20376
# Current directory: C:/Xilinx/vivado/UART
# Command line: vivado.exe -gui_launcher_event rodinguilauncherevent19944 C:\Xilinx\vivado\UART\UART.xpr
# Log file: C:/Xilinx/vivado/UART/vivado.log
# Journal file: C:/Xilinx/vivado/UART\vivado.jou
#-----------------------------------------------------------
start_gui
open_project C:/Xilinx/vivado/UART/UART.xpr
Scanning sources...
Finished scanning sources
INFO: [IP_Flow 19-234] Refreshing IP repositories
INFO: [IP_Flow 19-1704] No user IP repositories specified
INFO: [IP_Flow 19-2313] Loaded Vivado IP repository 'C:/Xilinx/vivado/2018.3/data/ip'.
open_project: Time (s): cpu = 00:00:20 ; elapsed = 00:00:11 . Memory (MB): peak = 721.039 ; gain = 137.078
update_compile_order -fileset sources_1
launch_sdk -workspace C:/Xilinx/vivado/UART/UART.sdk -hwspec C:/Xilinx/vivado/UART/UART.sdk/UART_wrapper.hdf
INFO: [Vivado 12-393] Launching SDK...
INFO: [Vivado 12-417] Running xsdk -workspace C:/Xilinx/vivado/UART/UART.sdk -hwspec C:/Xilinx/vivado/UART/UART.sdk/UART_wrapper.hdf
INFO: [Vivado 12-3157] SDK launch initiated. Please check console for any further messages.
exit
INFO: [Common 17-206] Exiting Vivado at Fri Dec 29 16:56:24 2023...
